0 info it worked if it ends with ok
1 verbose cli [ '/usr/local/bin/node',
1 verbose cli   '/usr/local/bin/npm',
1 verbose cli   'install',
1 verbose cli   '-g',
1 verbose cli   'bower' ]
2 info using npm@2.14.12
3 info using node@v4.2.4
4 verbose install initial load of /usr/local/lib/package.json
5 verbose readDependencies loading dependencies from /usr/local/lib/package.json
6 silly cache add args [ 'bower', null ]
7 verbose cache add spec bower
8 silly cache add parsed spec Result {
8 silly cache add   raw: 'bower',
8 silly cache add   scope: null,
8 silly cache add   name: 'bower',
8 silly cache add   rawSpec: '',
8 silly cache add   spec: 'latest',
8 silly cache add   type: 'tag' }
9 silly addNamed bower@latest
10 verbose addNamed "latest" is being treated as a dist-tag for bower
11 info addNameTag [ 'bower', 'latest' ]
12 silly mapToRegistry name bower
13 silly mapToRegistry using default registry
14 silly mapToRegistry registry https://registry.npmjs.org/
15 silly mapToRegistry uri https://registry.npmjs.org/bower
16 verbose addNameTag registry:https://registry.npmjs.org/bower not in flight; fetching
17 verbose request uri https://registry.npmjs.org/bower
18 verbose request no auth needed
19 info attempt registry request try #1 at 6:35:53 PM
20 verbose request id 6142ab0fd09c9d4f
21 verbose etag "8IVDWHJRREN45CW9GXLV8Y5YA"
22 http request GET https://registry.npmjs.org/bower
23 http 200 https://registry.npmjs.org/bower
24 verbose headers { server: 'nginx/1.10.1',
24 verbose headers   'content-type': 'application/json',
24 verbose headers   'last-modified': 'Sun, 22 Jan 2017 05:18:11 GMT',
24 verbose headers   etag: 'W/"58844093-2ada3"',
24 verbose headers   'content-encoding': 'gzip',
24 verbose headers   'cache-control': 'max-age=300',
24 verbose headers   'content-length': '16471',
24 verbose headers   'accept-ranges': 'bytes',
24 verbose headers   date: 'Mon, 23 Jan 2017 02:35:54 GMT',
24 verbose headers   via: '1.1 varnish',
24 verbose headers   age: '148',
24 verbose headers   connection: 'keep-alive',
24 verbose headers   'x-served-by': 'cache-sjc3136-SJC',
24 verbose headers   'x-cache': 'HIT',
24 verbose headers   'x-cache-hits': '1',
24 verbose headers   'x-timer': 'S1485138954.128045,VS0,VE0',
24 verbose headers   vary: 'Accept-Encoding' }
25 silly get cb [ 200,
25 silly get   { server: 'nginx/1.10.1',
25 silly get     'content-type': 'application/json',
25 silly get     'last-modified': 'Sun, 22 Jan 2017 05:18:11 GMT',
25 silly get     etag: 'W/"58844093-2ada3"',
25 silly get     'content-encoding': 'gzip',
25 silly get     'cache-control': 'max-age=300',
25 silly get     'content-length': '16471',
25 silly get     'accept-ranges': 'bytes',
25 silly get     date: 'Mon, 23 Jan 2017 02:35:54 GMT',
25 silly get     via: '1.1 varnish',
25 silly get     age: '148',
25 silly get     connection: 'keep-alive',
25 silly get     'x-served-by': 'cache-sjc3136-SJC',
25 silly get     'x-cache': 'HIT',
25 silly get     'x-cache-hits': '1',
25 silly get     'x-timer': 'S1485138954.128045,VS0,VE0',
25 silly get     vary: 'Accept-Encoding' } ]
26 verbose get saving bower to /Users/incito/.npm/registry.npmjs.org/bower/.cache.json
27 silly addNameTag next cb for bower with tag latest
28 silly addNamed bower@1.8.0
29 verbose addNamed "1.8.0" is a plain semver version for bower
30 silly mapToRegistry name bower
31 silly mapToRegistry using default registry
32 silly mapToRegistry registry https://registry.npmjs.org/
33 silly mapToRegistry uri https://registry.npmjs.org/bower
34 verbose addRemoteTarball https://registry.npmjs.org/bower/-/bower-1.8.0.tgz not in flight; adding
35 verbose addRemoteTarball [ 'https://registry.npmjs.org/bower/-/bower-1.8.0.tgz',
35 verbose addRemoteTarball   '55dbebef0ad9155382d9e9d3e497c1372345b44a' ]
36 info retry fetch attempt 1 at 6:35:54 PM
37 info attempt registry request try #1 at 6:35:54 PM
38 http fetch GET https://registry.npmjs.org/bower/-/bower-1.8.0.tgz
39 http fetch 200 https://registry.npmjs.org/bower/-/bower-1.8.0.tgz
40 silly fetchAndShaCheck shasum 55dbebef0ad9155382d9e9d3e497c1372345b44a
41 verbose addTmpTarball /var/folders/4v/fcgtvf797lb6tsf4vq35dpdc0000gn/T/npm-3797-c780cb3d/registry.npmjs.org/bower/-/bower-1.8.0.tgz not in flight; adding
42 verbose addTmpTarball already have metadata; skipping unpack for bower@1.8.0
43 silly cache afterAdd bower@1.8.0
44 verbose afterAdd /Users/incito/.npm/bower/1.8.0/package/package.json not in flight; writing
45 verbose afterAdd /Users/incito/.npm/bower/1.8.0/package/package.json written
46 silly install resolved [ { name: 'bower',
46 silly install resolved     version: '1.8.0',
46 silly install resolved     description: 'The browser package manager',
46 silly install resolved     author: { name: 'Twitter' },
46 silly install resolved     license: 'MIT',
46 silly install resolved     repository: { type: 'git', url: 'git+https://github.com/bower/bower.git' },
46 silly install resolved     main: 'lib',
46 silly install resolved     bin: { bower: 'bin/bower' },
46 silly install resolved     homepage: 'http://bower.io',
46 silly install resolved     engines: { node: '>=0.10.0' },
46 silly install resolved     keywords: [ 'bower' ],
46 silly install resolved     files: [ 'bin', 'lib' ],
46 silly install resolved     bugs: { url: 'https://github.com/bower/bower/issues' },
46 silly install resolved     _id: 'bower@1.8.0',
46 silly install resolved     scripts: {},
46 silly install resolved     _shasum: '55dbebef0ad9155382d9e9d3e497c1372345b44a',
46 silly install resolved     _from: 'bower@latest',
46 silly install resolved     _npmVersion: '3.10.9',
46 silly install resolved     _nodeVersion: '4.4.6',
46 silly install resolved     _npmUser: { name: 'sheerun', email: 'sheerun@sher.pl' },
46 silly install resolved     dist:
46 silly install resolved      { shasum: '55dbebef0ad9155382d9e9d3e497c1372345b44a',
46 silly install resolved        tarball: 'https://registry.npmjs.org/bower/-/bower-1.8.0.tgz' },
46 silly install resolved     maintainers:
46 silly install resolved      [ [Object],
46 silly install resolved        [Object],
46 silly install resolved        [Object],
46 silly install resolved        [Object],
46 silly install resolved        [Object],
46 silly install resolved        [Object],
46 silly install resolved        [Object] ],
46 silly install resolved     _npmOperationalInternal:
46 silly install resolved      { host: 'packages-18-east.internal.npmjs.com',
46 silly install resolved        tmp: 'tmp/bower-1.8.0.tgz_1478512918020_0.7136248126626015' },
46 silly install resolved     directories: {},
46 silly install resolved     _resolved: 'https://registry.npmjs.org/bower/-/bower-1.8.0.tgz' } ]
47 info install bower@1.8.0 into /usr/local/lib
48 info installOne bower@1.8.0
49 verbose installOne of bower to /usr/local/lib not in flight; installing
50 verbose lock using /Users/incito/.npm/_locks/bower-e8debc5417026b57.lock for /usr/local/lib/node_modules/bower
51 silly install write writing bower 1.8.0 to /usr/local/lib/node_modules/bower
52 verbose unbuild lib/node_modules/bower
53 info preuninstall bower@1.7.7
54 info uninstall bower@1.7.7
55 verbose unbuild rmStuff bower@1.7.7 from /usr/local/lib/node_modules
56 silly gentlyRm /usr/local/bin/bower is being gently removed
57 silly gentlyRm verifying /usr/local is an npm working directory
58 silly gentlyRm containing path /usr/local is under npm's control, in /usr/local
59 silly gentlyRm deletion target /usr/local/bin/bower is under /usr/local
60 verbose gentlyRm vacuuming from /usr/local/bin/bower up to /usr/local
61 info postuninstall bower@1.7.7
62 silly gentlyRm /usr/local/lib/node_modules/bower is being purged from base /usr/local
63 verbose gentlyRm don't care about contents; nuking /usr/local/lib/node_modules/bower
64 silly vacuum-fs purging /usr/local/lib/node_modules/bower
65 verbose unlock done using /Users/incito/.npm/_locks/bower-e8debc5417026b57.lock for /usr/local/lib/node_modules/bower
66 verbose stack Error: EACCES: permission denied, rmdir '/usr/local/lib/node_modules/bower'
66 verbose stack     at Error (native)
67 verbose cwd /Users/incito/Desktop/ProfessionalSite
68 error Darwin 14.5.0
69 error argv "/usr/local/bin/node" "/usr/local/bin/npm" "install" "-g" "bower"
70 error node v4.2.4
71 error npm  v2.14.12
72 error path /usr/local/lib/node_modules/bower
73 error code EACCES
74 error errno -13
75 error syscall rmdir
76 error Error: EACCES: permission denied, rmdir '/usr/local/lib/node_modules/bower'
76 error     at Error (native)
76 error  { [Error: EACCES: permission denied, rmdir '/usr/local/lib/node_modules/bower']
76 error   errno: -13,
76 error   code: 'EACCES',
76 error   syscall: 'rmdir',
76 error   path: '/usr/local/lib/node_modules/bower' }
77 error Please try running this command again as root/Administrator.
78 verbose exit [ -13, true ]
79 verbose unbuild lib/node_modules/bower
80 info preuninstall bower@1.7.7
81 info uninstall bower@1.7.7
82 verbose unbuild rmStuff bower@1.7.7 from /usr/local/lib/node_modules
83 silly gentlyRm /usr/local/bin/bower is being gently removed
84 silly gentlyRm verifying /usr/local is an npm working directory
85 silly gentlyRm containing path /usr/local is under npm's control, in /usr/local
86 silly gentlyRm deletion target /usr/local/bin/bower is under /usr/local
87 verbose gentlyRm vacuuming from /usr/local/bin/bower up to /usr/local
88 info postuninstall bower@1.7.7
89 silly gentlyRm /usr/local/lib/node_modules/bower is being purged from base /usr/local
90 verbose gentlyRm don't care about contents; nuking /usr/local/lib/node_modules/bower
91 silly vacuum-fs purging /usr/local/lib/node_modules/bower
92 error error rolling back Error: EACCES: permission denied, rmdir '/usr/local/lib/node_modules/bower'
92 error error rolling back     at Error (native)
92 error error rolling back  { [Error: EACCES: permission denied, rmdir '/usr/local/lib/node_modules/bower']
92 error error rolling back   errno: -13,
92 error error rolling back   code: 'EACCES',
92 error error rolling back   syscall: 'rmdir',
92 error error rolling back   path: '/usr/local/lib/node_modules/bower' }
